-------------------------------------------------------------------------------
Test set: tests.SauceDemoTest
-------------------------------------------------------------------------------
Tests run: 2, Failures: 0, Errors: 2, Skipped: 0, Time elapsed: 0 sec <<< FAILURE! - in tests.SauceDemoTest
checkCanBuyManyProductAndRemoveAll  Time elapsed: 0 sec  <<< ERROR!
java.lang.NullPointerException
	at tests.SauceDemoTest.checkCanBuyManyProductAndRemoveAll(SauceDemoTest.java:51)

checkCanLogInSauceDemoAndBuySomething  Time elapsed: 0 sec  <<< ERROR!
java.lang.NullPointerException
	at tests.SauceDemoTest.checkCanLogInSauceDemoAndBuySomething(SauceDemoTest.java:17)

