<?xml version="1.0" encoding="UTF-8"?>
<testsuite xmlns:xsi="http://www.w3.org/2001/XMLSchema-instance" xsi:schemaLocation="https://maven.apache.org/surefire/maven-surefire-plugin/xsd/surefire-test-report.xsd" name="tests.SauceDemoTest" time="0" tests="2" errors="2" skipped="0" failures="0">
  <properties>
[...]
</properties>
  <testcase name="checkCanBuyManyProductAndRemoveAll" classname="tests.SauceDemoTest" time="0">
    <error type="java.lang.NullPointerException">java.lang.NullPointerException
	at tests.SauceDemoTest.checkCanBuyManyProductAndRemoveAll(SauceDemoTest.java:51)
</error>
  </testcase>
  <testcase name="checkCanLogInSauceDemoAndBuySomething" classname="tests.SauceDemoTest" time="0">
    <error type="java.lang.NullPointerException">java.lang.NullPointerException
	at tests.SauceDemoTest.checkCanLogInSauceDemoAndBuySomething(SauceDemoTest.java:17)
</error>
  </testcase>
</testsuite>